0 info it worked if it ends with ok
1 verbose cli [ 'C:\\Users\\DELL\\AppData\\Local\\atom\\app-1.12.7\\resources\\app\\apm\\bin\\node.exe',
1 verbose cli   'C:\\Users\\DELL\\AppData\\Local\\atom\\app-1.12.7\\resources\\app\\apm\\node_modules\\npm\\bin\\npm-cli.js',
1 verbose cli   'version',
1 verbose cli   'minor',
1 verbose cli   '-m',
1 verbose cli   'Prepare %s release' ]
2 info using npm@3.10.5
3 info using node@v4.4.5
4 info git [ 'status', '--porcelain' ]
5 info lifecycle elegant-atom-ui@0.1.0~preversion: elegant-atom-ui@0.1.0
6 silly lifecycle elegant-atom-ui@0.1.0~preversion: no script for preversion, continuing
7 verbose version.write data { name: 'elegant-atom-ui',
7 verbose version.write   theme: 'ui',
7 verbose version.write   version: '0.1.0',
7 verbose version.write   description: 'An elegant UI theme for Atom',
7 verbose version.write   license: 'MIT',
7 verbose version.write   repository: 'https://github.com/codehakase/elegant-atom-ui',
7 verbose version.write   engines: { atom: '>0.40.0' },
7 verbose version.write   author:
7 verbose version.write    { name: 'Francis Sunday alias Codehakase',
7 verbose version.write      role: 'Developer',
7 verbose version.write      email: 'iamfrankcute@gmail.com' },
7 verbose version.write   support: { issues: 'https://github.com/codehakase/elegant-atom-ui/issues/new' } } to package.json
8 info lifecycle elegant-atom-ui@0.1.0~version: elegant-atom-ui@0.1.0
9 silly lifecycle elegant-atom-ui@0.1.0~version: no script for version, continuing
10 info git [ 'add',
10 info git   'C:\\users\\dell\\.atom\\packages\\elegant-atom-ui\\package.json' ]
11 info git [ 'commit', '-m', 'Prepare 0.1.0 release' ]
12 info git [ 'tag', 'v0.1.0', '-am', 'Prepare 0.1.0 release' ]
13 verbose stack Error: Command failed: git -c core.longpaths=true tag v0.1.0 -am Prepare 0.1.0 release
13 verbose stack fatal: tag 'v0.1.0' already exists
13 verbose stack
13 verbose stack     at ChildProcess.exithandler (child_process.js:213:12)
13 verbose stack     at emitTwo (events.js:87:13)
13 verbose stack     at ChildProcess.emit (events.js:172:7)
13 verbose stack     at maybeClose (internal/child_process.js:827:16)
13 verbose stack     at Process.ChildProcess._handle.onexit (internal/child_process.js:211:5)
14 verbose cwd C:\users\dell\.atom\packages\elegant-atom-ui
15 error Windows_NT 6.1.7600
16 error argv "C:\\Users\\DELL\\AppData\\Local\\atom\\app-1.12.7\\resources\\app\\apm\\bin\\node.exe" "C:\\Users\\DELL\\AppData\\Local\\atom\\app-1.12.7\\resources\\app\\apm\\node_modules\\npm\\bin\\npm-cli.js" "version" "minor" "-m" "Prepare %s release"
17 error node v4.4.5
18 error npm  v3.10.5
19 error code 128
20 error Command failed: git -c core.longpaths=true tag v0.1.0 -am Prepare 0.1.0 release
20 error fatal: tag 'v0.1.0' already exists
21 error If you need help, you may report this error at:
21 error     <https://github.com/npm/npm/issues>
22 verbose exit [ 1, true ]
